[W 20:59:55.381 NotebookApp] Config option `token` not recognized by `NotebookApp`.
[I 20:59:56.529 NotebookApp] [nb_conda_kernels] enabled, 3 kernels found
[I 20:59:56.535 NotebookApp] Writing notebook server cookie secret to /run/user/1001/jupyter/notebook_cookie_secret
[W 20:59:57.312 NotebookApp] WARNING: The notebook server is listening on all IP addresses and not using encryption. This is not recommended.
[W 20:59:57.312 NotebookApp] WARNING: The notebook server is listening on all IP addresses and not using authentication. This is highly insecure and not recommended.
[I 20:59:57.330 NotebookApp] [nb_conda] enabled
[I 20:59:57.440 NotebookApp] [nb_anacondacloud] enabled
[I 20:59:57.534 NotebookApp] ✓ nbpresent HTML export ENABLED
[W 20:59:57.534 NotebookApp] ✗ nbpresent PDF export DISABLED: No module named 'nbbrowserpdf'
[I 20:59:57.539 NotebookApp] Serving notebooks from local directory: /home/carnd/Advanced-Lane-Finder
[I 20:59:57.539 NotebookApp] 0 active kernels 
[I 20:59:57.539 NotebookApp] The Jupyter Notebook is running at: http://[all ip addresses on your system]:8888/
[I 20:59:57.539 NotebookApp] Use Control-C to stop this server and shut down all kernels (twice to skip confirmation).
[W 20:59:57.539 NotebookApp] No web browser found: could not locate runnable browser.
[W 21:00:03.546 NotebookApp] 404 GET /notebooks/Behavioral-Cloning-Project.ipynb (107.185.83.180): No such file or directory: Behavioral-Cloning-Project.ipynb
[W 21:00:03.592 NotebookApp] 404 GET /notebooks/Behavioral-Cloning-Project.ipynb (107.185.83.180) 46.89ms referer=None
[I 21:00:09.267 NotebookApp] 302 GET /notebooks/ (107.185.83.180) 1.17ms
[W 21:00:10.640 NotebookApp] 404 GET /notebooks/Behavioral-Cloning-Project.ipynb (107.185.83.180): No such file or directory: Behavioral-Cloning-Project.ipynb
[W 21:00:10.642 NotebookApp] 404 GET /notebooks/Behavioral-Cloning-Project.ipynb (107.185.83.180) 2.23ms referer=None
[W 21:00:12.015 NotebookApp] 404 GET /notebooks/Behavioral-Cloning-Project.ipynb (107.185.83.180): No such file or directory: Behavioral-Cloning-Project.ipynb
[W 21:00:12.017 NotebookApp] 404 GET /notebooks/Behavioral-Cloning-Project.ipynb (107.185.83.180) 2.17ms referer=None
[I 21:00:21.362 NotebookApp] 302 GET /notebooks/ (107.185.83.180) 1.16ms
[I 21:00:38.956 NotebookApp] Creating new notebook in 
[I 21:00:51.202 NotebookApp] Kernel started: 1ddcfd3a-8382-4dbf-bc1d-9997a1c95813
[I 21:00:53.109 NotebookApp] Adapting to protocol v5.1 for kernel 1ddcfd3a-8382-4dbf-bc1d-9997a1c95813
[I 21:02:51.270 NotebookApp] Saving file at /Advanced-Lane-Finder.ipynb
[W 21:17:48.729 NotebookApp] WARNING: The notebook server is listening on all IP addresses and not using encryption. This is not recommended.
[W 21:17:48.729 NotebookApp] WARNING: The notebook server is listening on all IP addresses and not using authentication. This is highly insecure and not recommended.
[I 21:17:48.738 NotebookApp] Serving notebooks from local directory: /home/carnd/Advanced-Lane-Finder
[I 21:17:48.738 NotebookApp] 0 active kernels 
[I 21:17:48.738 NotebookApp] The Jupyter Notebook is running at: http://[all ip addresses on your system]:8888/
[I 21:17:48.738 NotebookApp] Use Control-C to stop this server and shut down all kernels (twice to skip confirmation).
[W 21:17:48.739 NotebookApp] No web browser found: could not locate runnable browser.
[I 21:18:08.228 NotebookApp] Kernel started: 8b3ecf18-4b5f-4f2c-b3f7-bec7d6e5a28a
[I 21:18:39.228 NotebookApp] Saving file at /Advanced-Lane-Finder.ipynb
[I 21:20:08.578 NotebookApp] Saving file at /Advanced-Lane-Finder.ipynb
[I 21:22:08.270 NotebookApp] Saving file at /Advanced-Lane-Finder.ipynb
[I 21:22:31.004 NotebookApp] Saving file at /Advanced-Lane-Finder.ipynb
[I 21:24:08.284 NotebookApp] Saving file at /Advanced-Lane-Finder.ipynb
[I 21:26:08.297 NotebookApp] Saving file at /Advanced-Lane-Finder.ipynb
[I 21:30:08.312 NotebookApp] Saving file at /Advanced-Lane-Finder.ipynb
[I 21:36:08.312 NotebookApp] Saving file at /Advanced-Lane-Finder.ipynb
[I 21:38:08.325 NotebookApp] Saving file at /Advanced-Lane-Finder.ipynb
[I 21:40:08.316 NotebookApp] Saving file at /Advanced-Lane-Finder.ipynb
[W 21:51:08.994 NotebookApp] WebSocket ping timeout after 119851 ms.
[I 21:56:18.512 NotebookApp] Saving file at /Advanced-Lane-Finder.ipynb
[I 21:57:07.894 NotebookApp] Saving file at /Advanced-Lane-Finder.ipynb
[I 21:57:09.701 NotebookApp] Saving file at /Advanced-Lane-Finder.ipynb
[I 21:57:46.418 NotebookApp] Saving file at /Advanced-Lane-Finder.ipynb
[I 21:58:18.525 NotebookApp] Saving file at /Advanced-Lane-Finder.ipynb
[I 21:59:51.202 NotebookApp] Saving file at /Advanced-Lane-Finder.ipynb
[I 22:00:20.898 NotebookApp] Saving file at /Advanced-Lane-Finder.ipynb
[I 22:00:30.426 NotebookApp] Saving file at /Advanced-Lane-Finder.ipynb
[I 22:01:10.107 NotebookApp] Saving file at /Advanced-Lane-Finder.ipynb
[I 22:01:14.648 NotebookApp] Saving file at /Advanced-Lane-Finder.ipynb
[I 22:01:50.754 NotebookApp] Saving file at /Advanced-Lane-Finder.ipynb
[I 22:03:22.346 NotebookApp] Saving file at /Advanced-Lane-Finder.ipynb
[I 22:03:34.335 NotebookApp] Saving file at /Advanced-Lane-Finder.ipynb
[I 22:06:22.254 NotebookApp] Saving file at /Advanced-Lane-Finder.ipynb
[I 22:08:18.524 NotebookApp] Saving file at /Advanced-Lane-Finder.ipynb
[I 22:10:18.520 NotebookApp] Saving file at /Advanced-Lane-Finder.ipynb
[I 22:12:18.524 NotebookApp] Saving file at /Advanced-Lane-Finder.ipynb
[I 22:12:34.682 NotebookApp] Saving file at /Advanced-Lane-Finder.ipynb
[I 22:12:40.357 NotebookApp] Saving file at /Advanced-Lane-Finder.ipynb
[I 22:12:41.854 NotebookApp] Saving file at /Advanced-Lane-Finder.ipynb
[I 22:12:43.430 NotebookApp] Saving file at /Advanced-Lane-Finder.ipynb
[I 22:13:00.650 NotebookApp] Saving file at /Advanced-Lane-Finder.ipynb
[I 22:16:18.524 NotebookApp] Saving file at /Advanced-Lane-Finder.ipynb
[I 22:21:53.053 NotebookApp] Saving file at /Advanced-Lane-Finder.ipynb
[I 22:22:18.540 NotebookApp] Saving file at /Advanced-Lane-Finder.ipynb
[I 22:24:18.536 NotebookApp] Saving file at /Advanced-Lane-Finder.ipynb
[I 22:24:43.966 NotebookApp] Saving file at /Advanced-Lane-Finder.ipynb
[I 22:26:18.907 NotebookApp] Saving file at /Advanced-Lane-Finder.ipynb
[I 22:28:19.053 NotebookApp] Saving file at /Advanced-Lane-Finder.ipynb
[I 22:29:05.686 NotebookApp] Saving file at /Advanced-Lane-Finder.ipynb
[I 22:30:18.806 NotebookApp] Saving file at /Advanced-Lane-Finder.ipynb
[I 22:30:25.783 NotebookApp] Saving file at /Advanced-Lane-Finder.ipynb
[I 22:30:59.750 NotebookApp] Saving file at /Advanced-Lane-Finder.ipynb
[I 22:32:18.579 NotebookApp] Saving file at /Advanced-Lane-Finder.ipynb
[I 22:33:15.671 NotebookApp] Saving file at /Advanced-Lane-Finder.ipynb
[I 22:34:18.584 NotebookApp] Saving file at /Advanced-Lane-Finder.ipynb
[I 22:36:09.674 NotebookApp] Saving file at /Advanced-Lane-Finder.ipynb
[I 22:36:18.609 NotebookApp] Saving file at /Advanced-Lane-Finder.ipynb
[I 22:37:12.412 NotebookApp] Saving file at /Advanced-Lane-Finder.ipynb
[I 22:38:18.582 NotebookApp] Saving file at /Advanced-Lane-Finder.ipynb
[I 22:40:18.584 NotebookApp] Saving file at /Advanced-Lane-Finder.ipynb
[I 22:41:34.863 NotebookApp] Saving file at /Advanced-Lane-Finder.ipynb
[I 22:42:18.580 NotebookApp] Saving file at /Advanced-Lane-Finder.ipynb
[I 22:44:18.581 NotebookApp] Saving file at /Advanced-Lane-Finder.ipynb
[I 22:46:18.789 NotebookApp] Saving file at /Advanced-Lane-Finder.ipynb
[I 22:48:18.579 NotebookApp] Saving file at /Advanced-Lane-Finder.ipynb
[I 22:49:36.193 NotebookApp] Saving file at /Advanced-Lane-Finder.ipynb
[I 22:50:18.767 NotebookApp] Saving file at /Advanced-Lane-Finder.ipynb
[I 22:52:18.760 NotebookApp] Saving file at /Advanced-Lane-Finder.ipynb
[I 22:54:18.607 NotebookApp] Saving file at /Advanced-Lane-Finder.ipynb
[I 22:56:18.739 NotebookApp] Saving file at /Advanced-Lane-Finder.ipynb
[I 23:00:21.926 NotebookApp] Saving file at /Advanced-Lane-Finder.ipynb
OpenCV Error: One of arguments' values is out of range (The kernel size must be odd and not larger than 31) in getSobelKernels, file /home/travis/miniconda/conda-bld/work/opencv-3.1.0/modules/imgproc/src/deriv.cpp, line 101
OpenCV Error: One of arguments' values is out of range (The kernel size must be odd and not larger than 31) in getSobelKernels, file /home/travis/miniconda/conda-bld/work/opencv-3.1.0/modules/imgproc/src/deriv.cpp, line 101
[I 23:02:03.316 NotebookApp] Saving file at /Advanced-Lane-Finder.ipynb
[I 23:02:21.988 NotebookApp] Saving file at /Advanced-Lane-Finder.ipynb
[I 23:03:39.790 NotebookApp] Saving file at /Advanced-Lane-Finder.ipynb
[I 23:04:15.243 NotebookApp] Saving file at /Advanced-Lane-Finder.ipynb
[I 23:04:21.965 NotebookApp] Saving file at /Advanced-Lane-Finder.ipynb
[I 23:05:12.849 NotebookApp] Saving file at /Advanced-Lane-Finder.ipynb
[I 23:05:20.806 NotebookApp] Saving file at /Advanced-Lane-Finder.ipynb
[I 23:05:39.096 NotebookApp] Saving file at /Advanced-Lane-Finder.ipynb
[C 23:06:32.159 NotebookApp] received signal 15, stopping
[I 23:06:32.173 NotebookApp] Shutting down kernels
[I 23:06:32.173 NotebookApp] Kernel shutdown: 8b3ecf18-4b5f-4f2c-b3f7-bec7d6e5a28a
[W 02:39:05.256 NotebookApp] WARNING: The notebook server is listening on all IP addresses and not using encryption. This is not recommended.
[W 02:39:05.257 NotebookApp] WARNING: The notebook server is listening on all IP addresses and not using authentication. This is highly insecure and not recommended.
[I 02:39:05.267 NotebookApp] Serving notebooks from local directory: /home/carnd/Advanced-Lane-Finder
[I 02:39:05.267 NotebookApp] 0 active kernels 
[I 02:39:05.267 NotebookApp] The Jupyter Notebook is running at: http://[all ip addresses on your system]:8888/
[I 02:39:05.267 NotebookApp] Use Control-C to stop this server and shut down all kernels (twice to skip confirmation).
[W 02:39:05.267 NotebookApp] No web browser found: could not locate runnable browser.
[I 02:39:18.407 NotebookApp] Kernel started: 3c786e0b-220a-40d7-a189-bc6531b134e7
[I 02:39:57.828 NotebookApp] Saving file at /Advanced-Lane-Finder.ipynb
[I 02:40:56.178 NotebookApp] Saving file at /Advanced-Lane-Finder.ipynb
[I 02:41:18.452 NotebookApp] Saving file at /Advanced-Lane-Finder.ipynb
[I 02:43:18.470 NotebookApp] Saving file at /Advanced-Lane-Finder.ipynb
[I 02:43:25.726 NotebookApp] Saving file at /Advanced-Lane-Finder.ipynb
[W 02:43:34.131 NotebookApp] 404 GET /favicon.ico (47.146.212.220) 9.23ms referer=http://52.35.127.78:8888/view/test_images/test1.jpg
[I 02:45:18.977 NotebookApp] Saving file at /Advanced-Lane-Finder.ipynb
[I 02:47:18.570 NotebookApp] Saving file at /Advanced-Lane-Finder.ipynb
[I 02:49:18.618 NotebookApp] Saving file at /Advanced-Lane-Finder.ipynb
[I 02:50:05.935 NotebookApp] Saving file at /Advanced-Lane-Finder.ipynb
[I 02:51:18.508 NotebookApp] Saving file at /Advanced-Lane-Finder.ipynb
[I 02:52:19.505 NotebookApp] Saving file at /Advanced-Lane-Finder.ipynb
[I 02:52:40.491 NotebookApp] Saving file at /Advanced-Lane-Finder.ipynb
[I 02:52:53.037 NotebookApp] Saving file at /Advanced-Lane-Finder.ipynb
[I 02:53:16.979 NotebookApp] Saving file at /Advanced-Lane-Finder.ipynb
[I 02:54:19.159 NotebookApp] Saving file at /Advanced-Lane-Finder.ipynb
[I 02:54:22.137 NotebookApp] Saving file at /Advanced-Lane-Finder.ipynb
[I 02:54:26.972 NotebookApp] Saving file at /Advanced-Lane-Finder.ipynb
[I 02:55:18.539 NotebookApp] Saving file at /Advanced-Lane-Finder.ipynb
[I 02:56:29.934 NotebookApp] Saving file at /Advanced-Lane-Finder.ipynb
[I 02:57:18.512 NotebookApp] Saving file at /Advanced-Lane-Finder.ipynb
[I 02:57:51.682 NotebookApp] Saving file at /Advanced-Lane-Finder.ipynb
[I 02:57:53.226 NotebookApp] Saving file at /Advanced-Lane-Finder.ipynb
[I 02:58:16.606 NotebookApp] Saving file at /Advanced-Lane-Finder.ipynb
[I 02:58:22.807 NotebookApp] Saving file at /Advanced-Lane-Finder.ipynb
[I 03:02:36.049 NotebookApp] Saving file at /Advanced-Lane-Finder.ipynb
[I 03:03:08.199 NotebookApp] Saving file at /Advanced-Lane-Finder.ipynb
[I 03:03:31.301 NotebookApp] Saving file at /Advanced-Lane-Finder.ipynb
[I 03:04:01.037 NotebookApp] Saving file at /Advanced-Lane-Finder.ipynb
[I 03:05:18.527 NotebookApp] Saving file at /Advanced-Lane-Finder.ipynb
[I 03:05:56.623 NotebookApp] Saving file at /Advanced-Lane-Finder.ipynb
[I 03:06:24.314 NotebookApp] Saving file at /Advanced-Lane-Finder.ipynb
[I 03:07:18.519 NotebookApp] Saving file at /Advanced-Lane-Finder.ipynb
[I 03:11:18.532 NotebookApp] Saving file at /Advanced-Lane-Finder.ipynb
[I 03:11:57.712 NotebookApp] Saving file at /Advanced-Lane-Finder.ipynb
[I 03:12:00.619 NotebookApp] Saving file at /Advanced-Lane-Finder.ipynb
[I 03:13:18.519 NotebookApp] Saving file at /Advanced-Lane-Finder.ipynb
[I 03:14:43.295 NotebookApp] Saving file at /Advanced-Lane-Finder.ipynb
[I 03:15:18.521 NotebookApp] Saving file at /Advanced-Lane-Finder.ipynb
[I 03:15:47.986 NotebookApp] Saving file at /Advanced-Lane-Finder.ipynb
[I 03:16:22.316 NotebookApp] Saving file at /Advanced-Lane-Finder.ipynb
[I 03:16:38.685 NotebookApp] Saving file at /Advanced-Lane-Finder.ipynb
[I 03:17:08.191 NotebookApp] Saving file at /Advanced-Lane-Finder.ipynb
[I 03:17:18.524 NotebookApp] Saving file at /Advanced-Lane-Finder.ipynb
[I 03:19:13.638 NotebookApp] Saving file at /Advanced-Lane-Finder.ipynb
[I 03:19:18.869 NotebookApp] Saving file at /Advanced-Lane-Finder.ipynb
[I 03:20:43.609 NotebookApp] Saving file at /Advanced-Lane-Finder.ipynb
[I 03:21:05.547 NotebookApp] Saving file at /Advanced-Lane-Finder.ipynb
[I 03:21:11.801 NotebookApp] Saving file at /Advanced-Lane-Finder.ipynb
[I 03:21:18.746 NotebookApp] Saving file at /Advanced-Lane-Finder.ipynb
[I 03:23:19.608 NotebookApp] Saving file at /Advanced-Lane-Finder.ipynb
[IPKernelApp] ERROR | Exception in message handler:
Traceback (most recent call last):
  File "/home/carnd/anaconda3/envs/carnd-term1/lib/python3.5/site-packages/ipykernel/kernelbase.py", line 235, in dispatch_shell
    handler(stream, idents, msg)
  File "/home/carnd/anaconda3/envs/carnd-term1/lib/python3.5/site-packages/ipykernel/kernelbase.py", line 453, in inspect_request
    content.get('detail_level', 0))
  File "/home/carnd/anaconda3/envs/carnd-term1/lib/python3.5/site-packages/ipykernel/ipkernel.py", line 265, in do_inspect
    name = token_at_cursor(code, cursor_pos)
  File "/home/carnd/anaconda3/envs/carnd-term1/lib/python3.5/site-packages/IPython/utils/tokenutil.py", line 77, in token_at_cursor
    for tup in generate_tokens(StringIO(cell).readline):
  File "/home/carnd/anaconda3/envs/carnd-term1/lib/python3.5/site-packages/IPython/utils/tokenutil.py", line 19, in generate_tokens
    for token in tokenize2.generate_tokens(readline):
  File "/home/carnd/anaconda3/envs/carnd-term1/lib/python3.5/site-packages/IPython/utils/tokenize2.py", line 498, in _tokenize
    ("<tokenize>", lnum, pos, line))
  File "<tokenize>", line 68
    img_size = (gray.shape[1], gray.shape[0])
    ^
IndentationError: unindent does not match any outer indentation level
[I 03:25:19.570 NotebookApp] Saving file at /Advanced-Lane-Finder.ipynb
[I 03:25:19.827 NotebookApp] Saving file at /Advanced-Lane-Finder.ipynb
[I 03:25:33.107 NotebookApp] Saving file at /Advanced-Lane-Finder.ipynb
OpenCV Error: Assertion failed (depth == CV_8U || depth == CV_16U || depth == CV_32F) in cvtColor, file /home/travis/miniconda/conda-bld/work/opencv-3.1.0/modules/imgproc/src/color.cpp, line 7935
[I 03:27:18.888 NotebookApp] Saving file at /Advanced-Lane-Finder.ipynb
[I 03:29:18.912 NotebookApp] Saving file at /Advanced-Lane-Finder.ipynb
[I 03:30:00.126 NotebookApp] Saving file at /Advanced-Lane-Finder.ipynb
[I 03:30:23.722 NotebookApp] Saving file at /Advanced-Lane-Finder.ipynb
[I 03:30:24.651 NotebookApp] Saving file at /Advanced-Lane-Finder.ipynb
[I 03:30:30.244 NotebookApp] Saving file at /Advanced-Lane-Finder.ipynb
[I 03:30:31.932 NotebookApp] Saving file at /Advanced-Lane-Finder.ipynb
[I 03:30:36.319 NotebookApp] Saving file at /Advanced-Lane-Finder.ipynb
[I 03:30:41.600 NotebookApp] Saving file at /Advanced-Lane-Finder.ipynb
[I 03:30:56.514 NotebookApp] Saving file at /Advanced-Lane-Finder.ipynb
[I 03:31:19.274 NotebookApp] Saving file at /Advanced-Lane-Finder.ipynb
[I 03:31:56.545 NotebookApp] Saving file at /Advanced-Lane-Finder.ipynb
[I 03:32:00.283 NotebookApp] Saving file at /Advanced-Lane-Finder.ipynb
[I 03:33:18.950 NotebookApp] Saving file at /Advanced-Lane-Finder.ipynb
[I 03:35:19.026 NotebookApp] Saving file at /Advanced-Lane-Finder.ipynb
[I 03:37:19.380 NotebookApp] Saving file at /Advanced-Lane-Finder.ipynb
[I 03:38:00.188 NotebookApp] Saving file at /Advanced-Lane-Finder.ipynb
[I 03:39:18.817 NotebookApp] Saving file at /Advanced-Lane-Finder.ipynb
[I 03:40:21.539 NotebookApp] Saving file at /Advanced-Lane-Finder.ipynb
[I 03:41:18.612 NotebookApp] Saving file at /Advanced-Lane-Finder.ipynb
[I 03:41:23.444 NotebookApp] Saving file at /Advanced-Lane-Finder.ipynb
[I 03:43:18.680 NotebookApp] Saving file at /Advanced-Lane-Finder.ipynb
[I 03:45:20.009 NotebookApp] Saving file at /Advanced-Lane-Finder.ipynb
[I 03:47:19.760 NotebookApp] Saving file at /Advanced-Lane-Finder.ipynb
[I 03:47:24.064 NotebookApp] Saving file at /Advanced-Lane-Finder.ipynb
[I 03:47:40.257 NotebookApp] Saving file at /Advanced-Lane-Finder.ipynb
[I 03:49:19.050 NotebookApp] Saving file at /Advanced-Lane-Finder.ipynb
[I 03:51:20.218 NotebookApp] Saving file at /Advanced-Lane-Finder.ipynb
[I 03:52:57.258 NotebookApp] Saving file at /Advanced-Lane-Finder.ipynb
[I 03:53:18.616 NotebookApp] Saving file at /Advanced-Lane-Finder.ipynb
[I 03:55:19.261 NotebookApp] Saving file at /Advanced-Lane-Finder.ipynb
[I 03:57:18.842 NotebookApp] Saving file at /Advanced-Lane-Finder.ipynb
[I 03:59:18.633 NotebookApp] Saving file at /Advanced-Lane-Finder.ipynb
[I 04:00:21.419 NotebookApp] Saving file at /Advanced-Lane-Finder.ipynb
[I 04:01:18.930 NotebookApp] Saving file at /Advanced-Lane-Finder.ipynb
[I 04:03:18.943 NotebookApp] Saving file at /Advanced-Lane-Finder.ipynb
[I 04:03:36.046 NotebookApp] Saving file at /Advanced-Lane-Finder.ipynb
[I 04:05:18.712 NotebookApp] Saving file at /Advanced-Lane-Finder.ipynb
[I 04:09:18.929 NotebookApp] Saving file at /Advanced-Lane-Finder.ipynb
[I 04:11:18.638 NotebookApp] Saving file at /Advanced-Lane-Finder.ipynb
[I 04:11:19.165 NotebookApp] Saving file at /Advanced-Lane-Finder.ipynb
[I 04:13:18.867 NotebookApp] Saving file at /Advanced-Lane-Finder.ipynb
[I 04:13:56.913 NotebookApp] Saving file at /Advanced-Lane-Finder.ipynb
[I 04:15:18.651 NotebookApp] Saving file at /Advanced-Lane-Finder.ipynb
[I 04:17:18.579 NotebookApp] Saving file at /Advanced-Lane-Finder.ipynb
[I 04:17:40.072 NotebookApp] Saving file at /Advanced-Lane-Finder.ipynb
[I 04:18:02.723 NotebookApp] Saving file at /Advanced-Lane-Finder.ipynb
[I 04:18:08.637 NotebookApp] Saving file at /Advanced-Lane-Finder.ipynb
[I 04:19:19.149 NotebookApp] Saving file at /Advanced-Lane-Finder.ipynb
[I 04:21:19.045 NotebookApp] Saving file at /Advanced-Lane-Finder.ipynb
[I 04:21:36.747 NotebookApp] Saving file at /Advanced-Lane-Finder.ipynb
[I 04:21:48.762 NotebookApp] Saving file at /Advanced-Lane-Finder.ipynb
[I 04:22:07.982 NotebookApp] Saving file at /Advanced-Lane-Finder.ipynb
[I 04:22:24.480 NotebookApp] Saving file at /Advanced-Lane-Finder.ipynb
[I 04:22:35.932 NotebookApp] Saving file at /Advanced-Lane-Finder.ipynb
[I 04:22:37.239 NotebookApp] Saving file at /Advanced-Lane-Finder.ipynb
[I 04:22:39.410 NotebookApp] Saving file at /Advanced-Lane-Finder.ipynb
[I 04:22:39.698 NotebookApp] Saving file at /Advanced-Lane-Finder.ipynb
[I 04:22:42.649 NotebookApp] Saving file at /Advanced-Lane-Finder.ipynb
[I 04:23:21.139 NotebookApp] Saving file at /Advanced-Lane-Finder.ipynb
[I 04:23:26.639 NotebookApp] Saving file at /Advanced-Lane-Finder.ipynb
[I 04:25:19.767 NotebookApp] Saving file at /Advanced-Lane-Finder.ipynb
[I 04:29:56.116 NotebookApp] Saving file at /Advanced-Lane-Finder.ipynb
[I 04:33:19.558 NotebookApp] Saving file at /Advanced-Lane-Finder.ipynb
[I 04:35:19.696 NotebookApp] Saving file at /Advanced-Lane-Finder.ipynb
[I 04:37:19.397 NotebookApp] Saving file at /Advanced-Lane-Finder.ipynb
[I 04:37:59.666 NotebookApp] Saving file at /Advanced-Lane-Finder.ipynb
[I 04:39:19.600 NotebookApp] Saving file at /Advanced-Lane-Finder.ipynb
[I 04:41:02.187 NotebookApp] Saving file at /Advanced-Lane-Finder.ipynb
[I 04:43:19.706 NotebookApp] Saving file at /Advanced-Lane-Finder.ipynb
[I 04:45:19.754 NotebookApp] Saving file at /Advanced-Lane-Finder.ipynb
[I 04:47:19.568 NotebookApp] Saving file at /Advanced-Lane-Finder.ipynb
[I 04:49:20.452 NotebookApp] Saving file at /Advanced-Lane-Finder.ipynb
[I 04:51:19.526 NotebookApp] Saving file at /Advanced-Lane-Finder.ipynb
[I 04:53:19.524 NotebookApp] Saving file at /Advanced-Lane-Finder.ipynb
[I 04:55:19.526 NotebookApp] Saving file at /Advanced-Lane-Finder.ipynb
[I 04:57:19.479 NotebookApp] Saving file at /Advanced-Lane-Finder.ipynb
[I 04:59:20.423 NotebookApp] Saving file at /Advanced-Lane-Finder.ipynb
[I 04:59:25.091 NotebookApp] Saving file at /Advanced-Lane-Finder.ipynb
[I 05:01:19.836 NotebookApp] Saving file at /Advanced-Lane-Finder.ipynb
[I 05:01:20.373 NotebookApp] Saving file at /Advanced-Lane-Finder.ipynb
[I 05:03:15.798 NotebookApp] Saving file at /Advanced-Lane-Finder.ipynb
[I 05:03:17.522 NotebookApp] Saving file at /Advanced-Lane-Finder.ipynb
[I 05:03:19.337 NotebookApp] Saving file at /Advanced-Lane-Finder.ipynb
[I 05:04:57.215 NotebookApp] Saving file at /Advanced-Lane-Finder.ipynb
[I 05:05:12.208 NotebookApp] Saving file at /Advanced-Lane-Finder.ipynb
[I 05:05:19.479 NotebookApp] Saving file at /Advanced-Lane-Finder.ipynb
[I 05:06:25.808 NotebookApp] Saving file at /Advanced-Lane-Finder.ipynb
[I 05:07:19.444 NotebookApp] Saving file at /Advanced-Lane-Finder.ipynb
[I 05:08:20.225 NotebookApp] Saving file at /Advanced-Lane-Finder.ipynb
[I 05:09:19.332 NotebookApp] Saving file at /Advanced-Lane-Finder.ipynb
[I 05:11:19.319 NotebookApp] Saving file at /Advanced-Lane-Finder.ipynb
[I 05:13:19.448 NotebookApp] Saving file at /Advanced-Lane-Finder.ipynb
[I 05:15:19.470 NotebookApp] Saving file at /Advanced-Lane-Finder.ipynb
[I 05:15:40.925 NotebookApp] Saving file at /Advanced-Lane-Finder.ipynb
[I 05:15:55.279 NotebookApp] Saving file at /Advanced-Lane-Finder.ipynb
[I 05:17:01.548 NotebookApp] Saving file at /Advanced-Lane-Finder.ipynb
[I 05:17:11.149 NotebookApp] Kernel restarted: 3c786e0b-220a-40d7-a189-bc6531b134e7
[W 05:17:11.154 NotebookApp] zmq message arrived on closed channel
[I 05:17:19.351 NotebookApp] Saving file at /Advanced-Lane-Finder.ipynb
[I 05:19:00.232 NotebookApp] Saving file at /Advanced-Lane-Finder.ipynb
[I 05:20:38.833 NotebookApp] Saving file at /Advanced-Lane-Finder.ipynb
[I 05:20:41.396 NotebookApp] Saving file at /Advanced-Lane-Finder.ipynb
[I 05:21:19.450 NotebookApp] Saving file at /Advanced-Lane-Finder.ipynb
[I 05:21:30.212 NotebookApp] Saving file at /Advanced-Lane-Finder.ipynb
[I 05:22:31.597 NotebookApp] Saving file at /Advanced-Lane-Finder.ipynb
[I 05:22:37.881 NotebookApp] Saving file at /Advanced-Lane-Finder.ipynb
[I 05:22:40.969 NotebookApp] Saving file at /Advanced-Lane-Finder.ipynb
[I 05:22:50.538 NotebookApp] Saving file at /Advanced-Lane-Finder.ipynb
[I 05:22:54.890 NotebookApp] Saving file at /Advanced-Lane-Finder.ipynb
[I 05:23:10.547 NotebookApp] Saving file at /Advanced-Lane-Finder.ipynb
[I 05:25:19.501 NotebookApp] Saving file at /Advanced-Lane-Finder.ipynb
[I 05:27:19.499 NotebookApp] Saving file at /Advanced-Lane-Finder.ipynb
[I 05:30:03.577 NotebookApp] Saving file at /Advanced-Lane-Finder.ipynb
[I 05:30:13.371 NotebookApp] Saving file at /Advanced-Lane-Finder.ipynb
[I 05:30:14.556 NotebookApp] Saving file at /Advanced-Lane-Finder.ipynb
[I 05:31:18.923 NotebookApp] Saving file at /Advanced-Lane-Finder.ipynb
[I 05:31:19.205 NotebookApp] Saving file at /Advanced-Lane-Finder.ipynb
[C 05:31:35.961 NotebookApp] received signal 15, stopping
[I 05:31:35.962 NotebookApp] Shutting down kernels
[I 05:31:36.063 NotebookApp] Kernel shutdown: 3c786e0b-220a-40d7-a189-bc6531b134e7
[W 18:50:00.418 NotebookApp] WARNING: The notebook server is listening on all IP addresses and not using encryption. This is not recommended.
[W 18:50:00.419 NotebookApp] WARNING: The notebook server is listening on all IP addresses and not using authentication. This is highly insecure and not recommended.
[I 18:50:00.429 NotebookApp] Serving notebooks from local directory: /home/carnd/Advanced-Lane-Finder
[I 18:50:00.429 NotebookApp] 0 active kernels 
[I 18:50:00.429 NotebookApp] The Jupyter Notebook is running at: http://[all ip addresses on your system]:8888/
[I 18:50:00.429 NotebookApp] Use Control-C to stop this server and shut down all kernels (twice to skip confirmation).
[W 18:50:00.429 NotebookApp] No web browser found: could not locate runnable browser.
[I 18:52:53.253 NotebookApp] Kernel started: 40b3c76a-3e61-443c-9bb4-57cc1c7013cd
[I 18:54:53.407 NotebookApp] Saving file at /Advanced-Lane-Finder.ipynb
[I 18:58:21.685 NotebookApp] Saving file at /Advanced-Lane-Finder.ipynb
[I 19:00:09.823 NotebookApp] Saving file at /Advanced-Lane-Finder.ipynb
[I 19:01:21.138 NotebookApp] Saving file at /Advanced-Lane-Finder.ipynb
[I 19:01:33.677 NotebookApp] Saving file at /Advanced-Lane-Finder.ipynb
[I 19:02:47.079 NotebookApp] Saving file at /Advanced-Lane-Finder.ipynb
[I 19:03:48.120 NotebookApp] Saving file at /Advanced-Lane-Finder.ipynb
[I 19:05:28.759 NotebookApp] Saving file at /Advanced-Lane-Finder.ipynb
[I 19:05:48.273 NotebookApp] Saving file at /Advanced-Lane-Finder.ipynb
[I 19:05:54.820 NotebookApp] Saving file at /Advanced-Lane-Finder.ipynb
[I 19:07:00.501 NotebookApp] Saving file at /Advanced-Lane-Finder.ipynb
[I 19:07:08.391 NotebookApp] Saving file at /Advanced-Lane-Finder.ipynb
[I 19:13:47.240 NotebookApp] Saving file at /Advanced-Lane-Finder.ipynb
[I 19:15:06.172 NotebookApp] Saving file at /Advanced-Lane-Finder.ipynb
[I 19:15:28.484 NotebookApp] Saving file at /Advanced-Lane-Finder.ipynb
[I 19:15:49.363 NotebookApp] Saving file at /Advanced-Lane-Finder.ipynb
[I 19:17:49.194 NotebookApp] Saving file at /Advanced-Lane-Finder.ipynb
[I 19:19:11.643 NotebookApp] Saving file at /Advanced-Lane-Finder.ipynb
[I 19:19:43.822 NotebookApp] Saving file at /Advanced-Lane-Finder.ipynb
[I 19:19:51.671 NotebookApp] Saving file at /Advanced-Lane-Finder.ipynb
[I 19:21:05.592 NotebookApp] Saving file at /Advanced-Lane-Finder.ipynb
[I 19:21:06.581 NotebookApp] Saving file at /Advanced-Lane-Finder.ipynb
[I 19:21:51.193 NotebookApp] Saving file at /Advanced-Lane-Finder.ipynb
[I 19:23:10.999 NotebookApp] Saving file at /Advanced-Lane-Finder.ipynb
[I 19:23:16.828 NotebookApp] Saving file at /Advanced-Lane-Finder.ipynb
[I 19:23:18.876 NotebookApp] Saving file at /Advanced-Lane-Finder.ipynb
[I 19:23:37.451 NotebookApp] Saving file at /Advanced-Lane-Finder.ipynb
[I 19:23:42.144 NotebookApp] Saving file at /Advanced-Lane-Finder.ipynb
[I 19:23:44.267 NotebookApp] Saving file at /Advanced-Lane-Finder.ipynb
[I 19:23:47.311 NotebookApp] Saving file at /Advanced-Lane-Finder.ipynb
[I 19:23:56.789 NotebookApp] Saving file at /Advanced-Lane-Finder.ipynb
[I 19:25:11.726 NotebookApp] Saving file at /Advanced-Lane-Finder.ipynb
[I 19:25:49.118 NotebookApp] Saving file at /Advanced-Lane-Finder.ipynb
[I 19:26:04.390 NotebookApp] Saving file at /Advanced-Lane-Finder.ipynb
[I 19:26:06.370 NotebookApp] Saving file at /Advanced-Lane-Finder.ipynb
[I 19:26:16.061 NotebookApp] Saving file at /Advanced-Lane-Finder.ipynb
[I 19:26:19.104 NotebookApp] Saving file at /Advanced-Lane-Finder.ipynb
[I 19:26:22.858 NotebookApp] Saving file at /Advanced-Lane-Finder.ipynb
[I 19:26:37.855 NotebookApp] Saving file at /Advanced-Lane-Finder.ipynb
[I 19:27:01.574 NotebookApp] Saving file at /Advanced-Lane-Finder.ipynb
[I 19:27:29.408 NotebookApp] Saving file at /Advanced-Lane-Finder.ipynb
[I 19:27:36.495 NotebookApp] Saving file at /Advanced-Lane-Finder.ipynb
[I 19:27:43.703 NotebookApp] Saving file at /Advanced-Lane-Finder.ipynb
[I 19:27:51.301 NotebookApp] Saving file at /Advanced-Lane-Finder.ipynb
[I 19:29:17.924 NotebookApp] Saving file at /Advanced-Lane-Finder.ipynb
[I 19:29:43.741 NotebookApp] Saving file at /Advanced-Lane-Finder.ipynb
[I 19:29:47.904 NotebookApp] Saving file at /Advanced-Lane-Finder.ipynb
[I 19:29:48.862 NotebookApp] Saving file at /Advanced-Lane-Finder.ipynb
[I 19:30:30.775 NotebookApp] Saving file at /Advanced-Lane-Finder.ipynb
[I 19:30:36.062 NotebookApp] Saving file at /Advanced-Lane-Finder.ipynb
[I 19:30:49.437 NotebookApp] Saving file at /Advanced-Lane-Finder.ipynb
[I 19:31:47.885 NotebookApp] Saving file at /Advanced-Lane-Finder.ipynb
[I 19:33:42.671 NotebookApp] Saving file at /Advanced-Lane-Finder.ipynb
[I 19:33:58.032 NotebookApp] Saving file at /Advanced-Lane-Finder.ipynb
[I 19:34:17.115 NotebookApp] Saving file at /Advanced-Lane-Finder.ipynb
[I 19:34:21.786 NotebookApp] Saving file at /Advanced-Lane-Finder.ipynb
[I 19:34:43.513 NotebookApp] Saving file at /Advanced-Lane-Finder.ipynb
[I 19:34:53.864 NotebookApp] Saving file at /Advanced-Lane-Finder.ipynb
[I 19:35:14.921 NotebookApp] Saving file at /Advanced-Lane-Finder.ipynb
[I 19:35:42.170 NotebookApp] Saving file at /Advanced-Lane-Finder.ipynb
[I 19:35:46.897 NotebookApp] Saving file at /Advanced-Lane-Finder.ipynb
[I 19:35:52.588 NotebookApp] Saving file at /Advanced-Lane-Finder.ipynb
[I 19:36:06.926 NotebookApp] Saving file at /Advanced-Lane-Finder.ipynb
[I 19:36:13.085 NotebookApp] Saving file at /Advanced-Lane-Finder.ipynb
[I 19:37:23.566 NotebookApp] Saving file at /Advanced-Lane-Finder.ipynb
[I 19:37:35.381 NotebookApp] Saving file at /Advanced-Lane-Finder.ipynb
[I 19:37:47.330 NotebookApp] Saving file at /Advanced-Lane-Finder.ipynb
[I 19:38:27.250 NotebookApp] Saving file at /Advanced-Lane-Finder.ipynb
[I 19:39:46.966 NotebookApp] Saving file at /Advanced-Lane-Finder.ipynb
[I 19:41:55.497 NotebookApp] Saving file at /Advanced-Lane-Finder.ipynb
[I 19:43:47.395 NotebookApp] Saving file at /Advanced-Lane-Finder.ipynb
[I 19:45:41.734 NotebookApp] Saving file at /Advanced-Lane-Finder.ipynb
[I 19:45:47.109 NotebookApp] Saving file at /Advanced-Lane-Finder.ipynb
[I 19:47:48.876 NotebookApp] Saving file at /Advanced-Lane-Finder.ipynb
[I 19:48:57.255 NotebookApp] Saving file at /Advanced-Lane-Finder.ipynb
[I 19:49:12.785 NotebookApp] Saving file at /Advanced-Lane-Finder.ipynb
[I 19:49:48.345 NotebookApp] Saving file at /Advanced-Lane-Finder.ipynb
[I 19:50:21.652 NotebookApp] Saving file at /Advanced-Lane-Finder.ipynb
[I 19:50:27.546 NotebookApp] Saving file at /Advanced-Lane-Finder.ipynb
[I 19:51:04.760 NotebookApp] Saving file at /Advanced-Lane-Finder.ipynb
[I 19:51:48.886 NotebookApp] Saving file at /Advanced-Lane-Finder.ipynb
[I 19:53:01.964 NotebookApp] Saving file at /Advanced-Lane-Finder.ipynb
[I 19:53:10.366 NotebookApp] Saving file at /Advanced-Lane-Finder.ipynb
[I 19:53:49.106 NotebookApp] Saving file at /Advanced-Lane-Finder.ipynb
[I 19:54:03.614 NotebookApp] Saving file at /Advanced-Lane-Finder.ipynb
[I 19:54:28.343 NotebookApp] Saving file at /Advanced-Lane-Finder.ipynb
[I 19:54:49.969 NotebookApp] Saving file at /Advanced-Lane-Finder.ipynb
[I 19:54:54.141 NotebookApp] Saving file at /Advanced-Lane-Finder.ipynb
[I 19:56:40.525 NotebookApp] Saving file at /Advanced-Lane-Finder.ipynb
[I 19:57:28.066 NotebookApp] Saving file at /Advanced-Lane-Finder.ipynb
[I 19:57:44.728 NotebookApp] Saving file at /Advanced-Lane-Finder.ipynb
[I 19:58:19.126 NotebookApp] Saving file at /Advanced-Lane-Finder.ipynb
[I 19:59:05.637 NotebookApp] Saving file at /Advanced-Lane-Finder.ipynb
[I 19:59:47.336 NotebookApp] Saving file at /Advanced-Lane-Finder.ipynb
[I 19:59:55.901 NotebookApp] Saving file at /Advanced-Lane-Finder.ipynb
[I 19:59:59.159 NotebookApp] Saving file at /Advanced-Lane-Finder.ipynb
[I 20:00:55.342 NotebookApp] Saving file at /Advanced-Lane-Finder.ipynb
[I 20:01:07.865 NotebookApp] Saving file at /Advanced-Lane-Finder.ipynb
[I 20:01:25.299 NotebookApp] Saving file at /Advanced-Lane-Finder.ipynb
[I 20:01:38.406 NotebookApp] Saving file at /Advanced-Lane-Finder.ipynb
[I 20:01:50.862 NotebookApp] Saving file at /Advanced-Lane-Finder.ipynb
[I 20:01:50.930 NotebookApp] Saving file at /Advanced-Lane-Finder.ipynb
[I 20:02:25.917 NotebookApp] Saving file at /Advanced-Lane-Finder.ipynb
[I 20:03:35.953 NotebookApp] Saving file at /Advanced-Lane-Finder.ipynb
[I 20:04:04.653 NotebookApp] Saving file at /Advanced-Lane-Finder.ipynb
[I 20:04:26.968 NotebookApp] Saving file at /Advanced-Lane-Finder.ipynb
[I 20:04:28.218 NotebookApp] Saving file at /Advanced-Lane-Finder.ipynb
[I 20:05:03.208 NotebookApp] Saving file at /Advanced-Lane-Finder.ipynb
[I 20:05:29.119 NotebookApp] Saving file at /Advanced-Lane-Finder.ipynb
[I 20:06:33.940 NotebookApp] Saving file at /Advanced-Lane-Finder.ipynb
[I 20:07:30.262 NotebookApp] Saving file at /Advanced-Lane-Finder.ipynb
[I 20:07:46.287 NotebookApp] Saving file at /Advanced-Lane-Finder.ipynb
[I 20:08:07.364 NotebookApp] Saving file at /Advanced-Lane-Finder.ipynb
[I 20:09:12.502 NotebookApp] Saving file at /Advanced-Lane-Finder.ipynb
[I 20:11:36.542 NotebookApp] Saving file at /Advanced-Lane-Finder.ipynb
[I 20:11:58.616 NotebookApp] Saving file at /Advanced-Lane-Finder.ipynb
[I 20:12:20.932 NotebookApp] Saving file at /Advanced-Lane-Finder.ipynb
[I 20:12:24.938 NotebookApp] Saving file at /Advanced-Lane-Finder.ipynb
[I 20:12:50.869 NotebookApp] Saving file at /Advanced-Lane-Finder.ipynb
[I 20:13:00.810 NotebookApp] Saving file at /Advanced-Lane-Finder.ipynb
[I 20:14:06.241 NotebookApp] Saving file at /Advanced-Lane-Finder.ipynb
[I 20:14:55.700 NotebookApp] Saving file at /Advanced-Lane-Finder.ipynb
[I 20:15:43.717 NotebookApp] Saving file at /Advanced-Lane-Finder.ipynb
[I 20:16:00.515 NotebookApp] Saving file at /Advanced-Lane-Finder.ipynb
[I 20:16:35.323 NotebookApp] Saving file at /Advanced-Lane-Finder.ipynb
[I 20:18:17.827 NotebookApp] Saving file at /Advanced-Lane-Finder.ipynb
[I 20:19:07.729 NotebookApp] Saving file at /Advanced-Lane-Finder.ipynb
[I 20:19:56.813 NotebookApp] Saving file at /Advanced-Lane-Finder.ipynb
[I 20:19:57.066 NotebookApp] Saving file at /Advanced-Lane-Finder.ipynb
[I 20:20:05.374 NotebookApp] Saving file at /Advanced-Lane-Finder.ipynb
[I 20:20:44.056 NotebookApp] Saving file at /Advanced-Lane-Finder.ipynb
[I 20:21:54.687 NotebookApp] Saving file at /Advanced-Lane-Finder.ipynb
[I 20:23:05.901 NotebookApp] Saving file at /Advanced-Lane-Finder.ipynb
[I 20:23:29.625 NotebookApp] Saving file at /Advanced-Lane-Finder.ipynb
[I 20:24:01.761 NotebookApp] Saving file at /Advanced-Lane-Finder.ipynb
[I 20:24:07.190 NotebookApp] Saving file at /Advanced-Lane-Finder.ipynb
[I 20:24:22.129 NotebookApp] Saving file at /Advanced-Lane-Finder.ipynb
[I 20:25:39.494 NotebookApp] Saving file at /Advanced-Lane-Finder.ipynb
[I 20:26:47.704 NotebookApp] Saving file at /Advanced-Lane-Finder.ipynb
[I 20:27:08.319 NotebookApp] Saving file at /Advanced-Lane-Finder.ipynb
[I 20:28:21.881 NotebookApp] Saving file at /Advanced-Lane-Finder.ipynb
[I 20:30:01.137 NotebookApp] Saving file at /Advanced-Lane-Finder.ipynb
[W 20:33:16.766 NotebookApp] WebSocket ping timeout after 119917 ms.
[I 21:10:48.737 NotebookApp] Saving file at /Advanced-Lane-Finder.ipynb
[I 21:11:21.014 NotebookApp] Saving file at /Advanced-Lane-Finder.ipynb
OpenCV Error: Assertion failed (depth == CV_8U || depth == CV_16U || depth == CV_32F) in cvtColor, file /home/travis/miniconda/conda-bld/work/opencv-3.1.0/modules/imgproc/src/color.cpp, line 7935
[I 21:13:06.258 NotebookApp] Saving file at /Advanced-Lane-Finder.ipynb
[I 21:14:16.580 NotebookApp] Saving file at /Advanced-Lane-Finder.ipynb
[I 21:17:51.520 NotebookApp] Saving file at /Advanced-Lane-Finder.ipynb
[I 21:18:45.110 NotebookApp] Saving file at /Advanced-Lane-Finder.ipynb
[I 21:18:53.088 NotebookApp] Saving file at /Advanced-Lane-Finder.ipynb
[I 21:19:07.696 NotebookApp] Saving file at /Advanced-Lane-Finder.ipynb
[I 21:21:59.930 NotebookApp] Saving file at /Advanced-Lane-Finder.ipynb
[I 21:22:49.929 NotebookApp] Saving file at /Advanced-Lane-Finder.ipynb
[I 21:26:40.188 NotebookApp] Saving file at /Advanced-Lane-Finder.ipynb
[I 21:27:51.540 NotebookApp] Saving file at /Advanced-Lane-Finder.ipynb
[I 21:28:48.908 NotebookApp] Saving file at /Advanced-Lane-Finder.ipynb
[I 21:31:58.478 NotebookApp] Saving file at /Advanced-Lane-Finder.ipynb
[I 21:38:07.632 NotebookApp] Saving file at /Advanced-Lane-Finder.ipynb
[I 21:41:14.828 NotebookApp] Saving file at /Advanced-Lane-Finder.ipynb
[I 21:43:09.961 NotebookApp] Saving file at /Advanced-Lane-Finder.ipynb
[I 21:43:34.138 NotebookApp] Saving file at /Advanced-Lane-Finder.ipynb
[I 21:43:48.549 NotebookApp] Saving file at /Advanced-Lane-Finder.ipynb
[I 21:47:50.424 NotebookApp] Saving file at /Advanced-Lane-Finder.ipynb
[I 21:49:54.998 NotebookApp] Saving file at /Advanced-Lane-Finder.ipynb
[I 21:49:58.066 NotebookApp] Saving file at /Advanced-Lane-Finder.ipynb
[I 21:50:33.855 NotebookApp] Saving file at /Advanced-Lane-Finder.ipynb
[I 21:50:41.117 NotebookApp] Saving file at /Advanced-Lane-Finder.ipynb
[I 21:52:12.431 NotebookApp] Saving file at /Advanced-Lane-Finder.ipynb
[I 21:53:08.678 NotebookApp] Saving file at /Advanced-Lane-Finder.ipynb
[I 21:54:36.716 NotebookApp] Saving file at /Advanced-Lane-Finder.ipynb
[I 21:57:47.318 NotebookApp] Saving file at /Advanced-Lane-Finder.ipynb
[I 21:57:48.248 NotebookApp] Saving file at /Advanced-Lane-Finder.ipynb
[I 21:58:03.208 NotebookApp] Saving file at /Advanced-Lane-Finder.ipynb
[I 21:59:12.704 NotebookApp] Saving file at /Advanced-Lane-Finder.ipynb
[I 22:04:46.525 NotebookApp] Saving file at /Advanced-Lane-Finder.ipynb
[I 22:08:54.773 NotebookApp] Saving file at /Advanced-Lane-Finder.ipynb
[I 22:10:16.119 NotebookApp] Saving file at /Advanced-Lane-Finder.ipynb
[I 22:10:43.745 NotebookApp] Saving file at /Advanced-Lane-Finder.ipynb
[I 22:11:49.277 NotebookApp] Saving file at /Advanced-Lane-Finder.ipynb
[I 22:12:10.753 NotebookApp] Saving file at /Advanced-Lane-Finder.ipynb
[I 22:13:29.193 NotebookApp] Saving file at /Advanced-Lane-Finder.ipynb
[I 22:45:06.109 NotebookApp] Saving file at /Advanced-Lane-Finder.ipynb
[I 22:45:13.736 NotebookApp] Saving file at /Advanced-Lane-Finder.ipynb
[I 22:46:25.843 NotebookApp] Saving file at /Advanced-Lane-Finder.ipynb
[I 22:48:25.676 NotebookApp] Saving file at /Advanced-Lane-Finder.ipynb
[I 22:48:30.451 NotebookApp] Saving file at /Advanced-Lane-Finder.ipynb
[I 22:48:37.428 NotebookApp] Saving file at /Advanced-Lane-Finder.ipynb
[I 22:49:21.056 NotebookApp] Saving file at /Advanced-Lane-Finder.ipynb
[I 22:50:26.002 NotebookApp] Saving file at /Advanced-Lane-Finder.ipynb
[I 22:51:06.475 NotebookApp] Saving file at /Advanced-Lane-Finder.ipynb
[I 22:52:12.447 NotebookApp] Saving file at /Advanced-Lane-Finder.ipynb
[I 22:52:26.266 NotebookApp] Saving file at /Advanced-Lane-Finder.ipynb
[I 22:53:17.454 NotebookApp] Saving file at /Advanced-Lane-Finder.ipynb
[W 23:07:25.591 NotebookApp] WebSocket ping timeout after 119853 ms.
[W 00:09:28.116 NotebookApp] WebSocket ping timeout after 119955 ms.
[W 01:09:38.514 NotebookApp] WebSocket ping timeout after 90000 ms.
[W 02:10:18.551 NotebookApp] WebSocket ping timeout after 90001 ms.
[I 02:20:04.807 NotebookApp] Saving file at /Advanced-Lane-Finder.ipynb
[I 02:20:40.147 NotebookApp] Saving file at /Advanced-Lane-Finder.ipynb
[I 02:22:13.457 NotebookApp] Saving file at /Advanced-Lane-Finder.ipynb
[I 02:36:04.969 NotebookApp] Saving file at /Advanced-Lane-Finder.ipynb
[I 02:38:04.360 NotebookApp] Saving file at /Advanced-Lane-Finder.ipynb
[I 02:38:46.698 NotebookApp] Saving file at /Advanced-Lane-Finder.ipynb
[I 02:39:03.474 NotebookApp] Saving file at /Advanced-Lane-Finder.ipynb
[I 02:40:05.545 NotebookApp] Saving file at /Advanced-Lane-Finder.ipynb
[I 02:42:04.451 NotebookApp] Saving file at /Advanced-Lane-Finder.ipynb
[I 02:44:00.214 NotebookApp] Saving file at /Advanced-Lane-Finder.ipynb
[I 02:44:48.353 NotebookApp] Saving file at /Advanced-Lane-Finder.ipynb
[I 02:45:30.556 NotebookApp] Saving file at /Advanced-Lane-Finder.ipynb
[I 02:45:53.337 NotebookApp] Saving file at /Advanced-Lane-Finder.ipynb
[I 02:46:04.205 NotebookApp] Saving file at /Advanced-Lane-Finder.ipynb
[I 02:46:43.109 NotebookApp] Saving file at /Advanced-Lane-Finder.ipynb
[I 02:47:01.436 NotebookApp] Saving file at /Advanced-Lane-Finder.ipynb
[I 02:48:04.300 NotebookApp] Saving file at /Advanced-Lane-Finder.ipynb
[I 02:48:12.661 NotebookApp] Saving file at /Advanced-Lane-Finder.ipynb
[I 02:49:55.758 NotebookApp] Saving file at /Advanced-Lane-Finder.ipynb
[I 02:50:04.311 NotebookApp] Saving file at /Advanced-Lane-Finder.ipynb
[I 02:50:25.729 NotebookApp] Saving file at /Advanced-Lane-Finder.ipynb
[I 02:50:47.944 NotebookApp] Saving file at /Advanced-Lane-Finder.ipynb
[I 02:51:33.831 NotebookApp] Saving file at /Advanced-Lane-Finder.ipynb
[I 02:52:04.286 NotebookApp] Saving file at /Advanced-Lane-Finder.ipynb
[I 02:53:14.450 NotebookApp] Saving file at /Advanced-Lane-Finder.ipynb
[I 02:54:04.292 NotebookApp] Saving file at /Advanced-Lane-Finder.ipynb
[I 02:54:04.621 NotebookApp] Saving file at /Advanced-Lane-Finder.ipynb
[I 02:54:34.330 NotebookApp] Saving file at /Advanced-Lane-Finder.ipynb
[I 02:56:04.629 NotebookApp] Saving file at /Advanced-Lane-Finder.ipynb
[I 02:57:09.051 NotebookApp] Saving file at /Advanced-Lane-Finder.ipynb
[I 02:57:37.643 NotebookApp] Saving file at /Advanced-Lane-Finder.ipynb
[I 02:58:04.267 NotebookApp] Saving file at /Advanced-Lane-Finder.ipynb
[I 02:58:24.965 NotebookApp] Saving file at /Advanced-Lane-Finder.ipynb
[I 02:59:07.977 NotebookApp] Saving file at /Advanced-Lane-Finder.ipynb
[I 03:00:04.482 NotebookApp] Saving file at /Advanced-Lane-Finder.ipynb
[I 03:00:09.518 NotebookApp] Saving file at /Advanced-Lane-Finder.ipynb
[I 03:00:28.863 NotebookApp] Saving file at /Advanced-Lane-Finder.ipynb
[I 03:00:29.999 NotebookApp] Saving file at /Advanced-Lane-Finder.ipynb
[I 03:02:00.602 NotebookApp] Saving file at /Advanced-Lane-Finder.ipynb
[I 03:02:47.448 NotebookApp] Saving file at /Advanced-Lane-Finder.ipynb
[I 03:02:54.979 NotebookApp] Saving file at /Advanced-Lane-Finder.ipynb
[I 03:03:58.862 NotebookApp] Saving file at /Advanced-Lane-Finder.ipynb
[I 03:04:04.208 NotebookApp] Saving file at /Advanced-Lane-Finder.ipynb
[I 03:04:13.441 NotebookApp] Saving file at /Advanced-Lane-Finder.ipynb
[I 03:04:17.905 NotebookApp] Saving file at /Advanced-Lane-Finder.ipynb
[I 03:06:04.269 NotebookApp] Saving file at /Advanced-Lane-Finder.ipynb
[I 03:06:05.269 NotebookApp] Saving file at /Advanced-Lane-Finder.ipynb
[I 03:06:38.313 NotebookApp] Saving file at /Advanced-Lane-Finder.ipynb
[I 03:08:04.374 NotebookApp] Saving file at /Advanced-Lane-Finder.ipynb
[I 03:08:59.876 NotebookApp] Saving file at /Advanced-Lane-Finder.ipynb
[I 03:10:04.324 NotebookApp] Saving file at /Advanced-Lane-Finder.ipynb
OpenCV Error: Assertion failed (nimages > 0) in calibrateCamera, file /home/travis/miniconda/conda-bld/work/opencv-3.1.0/modules/calib3d/src/calibration.cpp, line 3314
[I 03:11:16.892 NotebookApp] Saving file at /Advanced-Lane-Finder.ipynb
[W 03:11:56.413 NotebookApp] 404 GET /favicon.ico (47.146.212.220) 11.01ms referer=http://52.35.127.78:8888/view/camera_cal/calibration1.jpg
[I 03:12:04.640 NotebookApp] Saving file at /Advanced-Lane-Finder.ipynb
[I 03:13:23.446 NotebookApp] Saving file at /Advanced-Lane-Finder.ipynb
[I 03:14:04.347 NotebookApp] Saving file at /Advanced-Lane-Finder.ipynb
[I 03:14:24.643 NotebookApp] Saving file at /Advanced-Lane-Finder.ipynb
[I 03:14:44.349 NotebookApp] Saving file at /Advanced-Lane-Finder.ipynb
[I 03:15:17.700 NotebookApp] Saving file at /Advanced-Lane-Finder.ipynb
[I 03:22:04.421 NotebookApp] Saving file at /Advanced-Lane-Finder.ipynb
[I 03:22:54.579 NotebookApp] Saving file at /Advanced-Lane-Finder.ipynb
[I 03:22:59.153 NotebookApp] Saving file at /Advanced-Lane-Finder.ipynb
[I 03:23:50.263 NotebookApp] Saving file at /Advanced-Lane-Finder.ipynb
[I 03:23:51.621 NotebookApp] Saving file at /Advanced-Lane-Finder.ipynb
[I 03:28:04.444 NotebookApp] Saving file at /Advanced-Lane-Finder.ipynb
[I 03:30:04.439 NotebookApp] Saving file at /Advanced-Lane-Finder.ipynb
[I 03:31:24.779 NotebookApp] Saving file at /Advanced-Lane-Finder.ipynb
[I 03:32:04.774 NotebookApp] Saving file at /Advanced-Lane-Finder.ipynb
[I 03:34:04.470 NotebookApp] Saving file at /Advanced-Lane-Finder.ipynb
[I 04:14:04.891 NotebookApp] Saving file at /Advanced-Lane-Finder.ipynb
[I 04:15:10.800 NotebookApp] Saving file at /Advanced-Lane-Finder.ipynb
[I 04:15:15.303 NotebookApp] Saving file at /Advanced-Lane-Finder.ipynb
[I 04:15:33.223 NotebookApp] Saving file at /Advanced-Lane-Finder.ipynb
[I 04:17:09.660 NotebookApp] Saving file at /Advanced-Lane-Finder.ipynb
[I 04:18:04.506 NotebookApp] Saving file at /Advanced-Lane-Finder.ipynb
[I 04:18:05.158 NotebookApp] Saving file at /Advanced-Lane-Finder.ipynb
[I 04:18:20.725 NotebookApp] Saving file at /Advanced-Lane-Finder.ipynb
[I 04:20:04.488 NotebookApp] Saving file at /Advanced-Lane-Finder.ipynb
[I 04:21:02.983 NotebookApp] Saving file at /Advanced-Lane-Finder.ipynb
[I 04:21:21.703 NotebookApp] Saving file at /Advanced-Lane-Finder.ipynb
[I 04:22:04.496 NotebookApp] Saving file at /Advanced-Lane-Finder.ipynb
[I 04:22:32.116 NotebookApp] Saving file at /Advanced-Lane-Finder.ipynb
[I 04:22:35.557 NotebookApp] Saving file at /Advanced-Lane-Finder.ipynb
[I 04:22:54.723 NotebookApp] Saving file at /Advanced-Lane-Finder.ipynb
[I 04:23:08.178 NotebookApp] Saving file at /Advanced-Lane-Finder.ipynb
[I 04:23:34.378 NotebookApp] Saving file at /Advanced-Lane-Finder.ipynb
[I 04:23:53.151 NotebookApp] Saving file at /Advanced-Lane-Finder.ipynb
[I 04:24:03.868 NotebookApp] Saving file at /Advanced-Lane-Finder.ipynb
[I 04:25:29.831 NotebookApp] Saving file at /Advanced-Lane-Finder.ipynb
[I 04:26:04.521 NotebookApp] Saving file at /Advanced-Lane-Finder.ipynb
[I 04:26:32.597 NotebookApp] Saving file at /Advanced-Lane-Finder.ipynb
[I 04:28:04.527 NotebookApp] Saving file at /Advanced-Lane-Finder.ipynb
[I 04:28:11.669 NotebookApp] Saving file at /Advanced-Lane-Finder.ipynb
[I 04:30:04.521 NotebookApp] Saving file at /Advanced-Lane-Finder.ipynb
[I 04:30:05.074 NotebookApp] Saving file at /Advanced-Lane-Finder.ipynb
[I 04:32:39.210 NotebookApp] Saving file at /Advanced-Lane-Finder.ipynb
[I 04:33:02.147 NotebookApp] Saving file at /Advanced-Lane-Finder.ipynb
[I 04:34:04.614 NotebookApp] Saving file at /Advanced-Lane-Finder.ipynb
[I 04:35:06.827 NotebookApp] Saving file at /Advanced-Lane-Finder.ipynb
[I 04:35:12.676 NotebookApp] Saving file at /Advanced-Lane-Finder.ipynb
[I 04:35:33.722 NotebookApp] Saving file at /Advanced-Lane-Finder.ipynb
[I 04:36:04.913 NotebookApp] Saving file at /Advanced-Lane-Finder.ipynb
[I 04:38:04.926 NotebookApp] Saving file at /Advanced-Lane-Finder.ipynb
[I 04:42:04.568 NotebookApp] Saving file at /Advanced-Lane-Finder.ipynb
[I 04:42:05.138 NotebookApp] Saving file at /Advanced-Lane-Finder.ipynb
[I 04:42:27.419 NotebookApp] Saving file at /Advanced-Lane-Finder.ipynb
[I 04:42:48.607 NotebookApp] Saving file at /Advanced-Lane-Finder.ipynb
[I 04:42:52.716 NotebookApp] Saving file at /Advanced-Lane-Finder.ipynb
[I 04:43:26.654 NotebookApp] Saving file at /Advanced-Lane-Finder.ipynb
[I 04:44:04.694 NotebookApp] Saving file at /Advanced-Lane-Finder.ipynb
[I 04:45:08.025 NotebookApp] Saving file at /Advanced-Lane-Finder.ipynb
[I 04:45:14.754 NotebookApp] Saving file at /Advanced-Lane-Finder.ipynb
[I 04:46:04.577 NotebookApp] Saving file at /Advanced-Lane-Finder.ipynb
[I 04:47:36.851 NotebookApp] Saving file at /Advanced-Lane-Finder.ipynb
[I 04:48:02.059 NotebookApp] Saving file at /Advanced-Lane-Finder.ipynb
[I 04:48:07.543 NotebookApp] Saving file at /Advanced-Lane-Finder.ipynb
[I 04:52:51.856 NotebookApp] Saving file at /Advanced-Lane-Finder.ipynb
[I 04:53:06.285 NotebookApp] Saving file at /Advanced-Lane-Finder.ipynb
[I 04:54:04.578 NotebookApp] Saving file at /Advanced-Lane-Finder.ipynb
[I 04:54:15.654 NotebookApp] Saving file at /Advanced-Lane-Finder.ipynb
[I 04:55:10.936 NotebookApp] Saving file at /Advanced-Lane-Finder.ipynb
[I 04:55:26.271 NotebookApp] Saving file at /Advanced-Lane-Finder.ipynb
[I 04:55:33.530 NotebookApp] Saving file at /Advanced-Lane-Finder.ipynb
[I 04:55:37.482 NotebookApp] Saving file at /Advanced-Lane-Finder.ipynb
[I 04:55:37.816 NotebookApp] Saving file at /Advanced-Lane-Finder.ipynb
[I 04:55:40.301 NotebookApp] Saving file at /Advanced-Lane-Finder.ipynb
[I 04:56:04.629 NotebookApp] Saving file at /Advanced-Lane-Finder.ipynb
[I 04:56:20.619 NotebookApp] Saving file at /Advanced-Lane-Finder.ipynb
[I 04:56:46.734 NotebookApp] Saving file at /Advanced-Lane-Finder.ipynb
[I 04:57:57.732 NotebookApp] Saving file at /Advanced-Lane-Finder.ipynb
[I 04:58:04.356 NotebookApp] Saving file at /Advanced-Lane-Finder.ipynb
[I 04:59:01.062 NotebookApp] Saving file at /Advanced-Lane-Finder.ipynb
[I 04:59:43.937 NotebookApp] Saving file at /Advanced-Lane-Finder.ipynb
[I 05:00:04.524 NotebookApp] Saving file at /Advanced-Lane-Finder.ipynb
[I 05:00:30.230 NotebookApp] Saving file at /Advanced-Lane-Finder.ipynb
[I 05:02:05.665 NotebookApp] Saving file at /Advanced-Lane-Finder.ipynb
[I 05:05:33.284 NotebookApp] Creating new directory in 
[I 05:06:05.685 NotebookApp] Saving file at /Advanced-Lane-Finder.ipynb
[I 05:06:19.912 NotebookApp] Saving file at /Advanced-Lane-Finder.ipynb
[I 05:07:10.360 NotebookApp] Kernel interrupted: 40b3c76a-3e61-443c-9bb4-57cc1c7013cd
[I 05:08:02.342 NotebookApp] 302 GET /notebooks/project_video.mp4 (47.146.212.220) 0.97ms
[I 05:08:06.054 NotebookApp] Saving file at /Advanced-Lane-Finder.ipynb
[I 05:09:07.379 NotebookApp] 302 GET /notebooks/project_video.mp4 (47.146.212.220) 1.04ms
[I 05:10:05.863 NotebookApp] Saving file at /Advanced-Lane-Finder.ipynb
[I 05:10:57.052 NotebookApp] 302 GET /notebooks/project_video.mp4 (47.146.212.220) 0.80ms
[I 05:11:14.922 NotebookApp] Kernel restarted: 40b3c76a-3e61-443c-9bb4-57cc1c7013cd
[I 05:11:17.664 NotebookApp] Saving file at /Advanced-Lane-Finder.ipynb
[I 05:12:05.488 NotebookApp] Saving file at /Advanced-Lane-Finder.ipynb
[W 05:13:46.865 NotebookApp] 404 GET /notebooks/%3Cmoviepy.video.io.VideoFileClip.VideoFileClip%20object%20at%200x7ffb7630a438%3E (47.146.212.220): No such file or directory: <moviepy.video.io.VideoFileClip.VideoFileClip object at 0x7ffb7630a438>
[W 05:13:46.866 NotebookApp] 404 GET /notebooks/%3Cmoviepy.video.io.VideoFileClip.VideoFileClip%20object%20at%200x7ffb7630a438%3E (47.146.212.220) 1.91ms referer=http://52.35.127.78:8888/notebooks/Advanced-Lane-Finder.ipynb
[I 05:13:58.207 NotebookApp] 302 GET /notebooks/output_videos/project_video.mp4 (47.146.212.220) 0.83ms
[I 05:14:06.027 NotebookApp] Saving file at /Advanced-Lane-Finder.ipynb
